TN:
SF:src/app.ts
FN:12,Application
FN:16,get server
FN:20,init
FN:29,start
FN:35,config
FN:41,middlewares
FN:45,errors
FN:60,routers
FN:71,database
FNF:9
FNH:8
FNDA:2,Application
FNDA:22,get server
FNDA:2,init
FNDA:0,start
FNDA:2,config
FNDA:2,middlewares
FNDA:2,errors
FNDA:2,routers
FNDA:2,database
DA:1,1
DA:2,1
DA:3,1
DA:4,1
DA:5,1
DA:6,1
DA:7,1
DA:8,1
DA:9,1
DA:10,1
DA:11,1
DA:12,1
DA:13,2
DA:14,2
DA:15,1
DA:16,1
DA:17,22
DA:18,22
DA:19,1
DA:20,1
DA:21,2
DA:22,2
DA:23,2
DA:24,2
DA:25,2
DA:26,2
DA:27,1
DA:28,1
DA:29,1
DA:30,0
DA:31,0
DA:32,0
DA:33,0
DA:34,1
DA:35,1
DA:36,2
DA:37,2
DA:38,2
DA:39,2
DA:40,1
DA:41,1
DA:42,2
DA:43,2
DA:44,1
DA:45,1
DA:46,2
DA:47,2
DA:48,0
DA:49,0
DA:50,0
DA:51,0
DA:52,0
DA:53,0
DA:54,0
DA:55,0
DA:56,0
DA:57,2
DA:58,2
DA:59,1
DA:60,1
DA:61,2
DA:62,2
DA:63,2
DA:64,8
DA:65,8
DA:66,8
DA:67,8
DA:68,2
DA:69,2
DA:70,1
DA:71,1
DA:72,2
DA:73,2
DA:74,2
DA:75,1
LF:75
LH:62
BRDA:12,0,0,2
BRDA:16,1,0,22
BRDA:20,2,0,2
BRDA:35,3,0,2
BRDA:41,4,0,2
BRDA:45,5,0,2
BRDA:60,6,0,2
BRDA:63,7,0,8
BRDA:64,8,0,8
BRDA:64,9,0,8
BRDA:71,10,0,2
BRF:11
BRH:11
end_of_record
TN:
SF:src/constants/http.ts
FNF:0
FNH:0
DA:1,1
DA:2,1
DA:3,1
DA:4,1
DA:5,1
DA:6,1
LF:6
LH:6
BRF:0
BRH:0
end_of_record
TN:
SF:src/constants/index.ts
FNF:0
FNH:0
DA:1,1
DA:2,1
LF:2
LH:2
BRF:0
BRH:0
end_of_record
TN:
SF:src/constants/messages.ts
FN:3,invalidField
FNF:1
FNH:1
FNDA:2,invalidField
DA:1,1
DA:2,1
DA:3,1
DA:4,1
DA:5,1
DA:6,1
LF:6
LH:6
BRDA:3,0,0,2
BRF:1
BRH:1
end_of_record
TN:
SF:src/controllers/Authentication.ts
FN:14,AuthController
FN:18,AuthController.authentication
FNF:2
FNH:1
FNDA:2,AuthController
FNDA:0,AuthController.authentication
DA:1,1
DA:2,1
DA:3,1
DA:4,1
DA:5,1
DA:6,1
DA:7,1
DA:8,1
DA:9,1
DA:10,1
DA:11,1
DA:12,1
DA:13,1
DA:14,1
DA:15,2
DA:16,2
DA:17,2
DA:18,1
DA:19,0
DA:20,0
DA:21,0
DA:22,0
DA:23,0
DA:24,0
DA:25,0
DA:26,0
DA:27,0
DA:28,0
DA:29,0
DA:30,0
DA:31,0
DA:32,0
DA:33,0
DA:34,0
DA:35,0
DA:36,0
DA:37,0
DA:38,0
DA:39,0
DA:40,0
DA:41,0
DA:42,0
DA:43,0
DA:44,0
DA:45,0
DA:46,1
DA:47,1
LF:47
LH:20
BRDA:14,0,0,2
BRF:1
BRH:1
end_of_record
TN:
SF:src/controllers/Message.ts
FN:18,MessageController
FN:23,MessageController.index
FN:51,MessageController.show
FN:75,MessageController.store
FN:100,MessageController.update
FN:130,MessageController.delete
FNF:6
FNH:6
FNDA:2,MessageController
FNDA:1,MessageController.index
FNDA:2,MessageController.show
FNDA:1,MessageController.store
FNDA:2,MessageController.update
FNDA:2,MessageController.delete
DA:1,1
DA:2,1
DA:3,1
DA:4,1
DA:5,1
DA:6,1
DA:7,1
DA:8,1
DA:9,1
DA:10,1
DA:11,1
DA:12,1
DA:13,1
DA:14,1
DA:15,1
DA:16,1
DA:17,1
DA:18,1
DA:19,2
DA:20,2
DA:21,2
DA:22,1
DA:23,1
DA:24,1
DA:25,1
DA:26,1
DA:27,1
DA:28,1
DA:29,1
DA:30,0
DA:31,0
DA:32,1
DA:33,1
DA:34,1
DA:35,1
DA:36,1
DA:37,1
DA:38,1
DA:39,1
DA:40,1
DA:41,1
DA:42,1
DA:43,1
DA:44,1
DA:45,1
DA:46,1
DA:47,0
DA:48,0
DA:49,1
DA:50,1
DA:51,1
DA:52,2
DA:53,2
DA:54,2
DA:55,2
DA:56,2
DA:57,2
DA:58,0
DA:59,0
DA:60,2
DA:61,2
DA:62,2
DA:63,2
DA:64,1
DA:65,1
DA:66,1
DA:67,1
DA:68,1
DA:69,1
DA:70,2
DA:71,0
DA:72,0
DA:73,1
DA:74,1
DA:75,1
DA:76,1
DA:77,1
DA:78,1
DA:79,1
DA:80,1
DA:81,1
DA:82,1
DA:83,1
DA:84,1
DA:85,1
DA:86,1
DA:87,1
DA:88,1
DA:89,1
DA:90,1
DA:91,1
DA:92,1
DA:93,1
DA:94,1
DA:95,1
DA:96,0
DA:97,0
DA:98,1
DA:99,1
DA:100,1
DA:101,2
DA:102,2
DA:103,2
DA:104,2
DA:105,2
DA:106,2
DA:107,2
DA:108,2
DA:109,2
DA:110,2
DA:111,2
DA:112,2
DA:113,2
DA:114,2
DA:115,2
DA:116,2
DA:117,2
DA:118,1
DA:119,1
DA:120,1
DA:121,1
DA:122,1
DA:123,1
DA:124,1
DA:125,2
DA:126,0
DA:127,0
DA:128,1
DA:129,1
DA:130,1
DA:131,2
DA:132,2
DA:133,2
DA:134,2
DA:135,2
DA:136,2
DA:137,2
DA:138,1
DA:139,1
DA:140,1
DA:141,1
DA:142,1
DA:143,1
DA:144,2
DA:145,0
DA:146,0
DA:147,1
DA:148,1
LF:148
LH:134
BRDA:18,0,0,2
BRDA:23,1,0,1
BRDA:29,2,0,0
BRDA:46,3,0,0
BRDA:35,4,0,1
BRDA:51,5,0,2
BRDA:57,6,0,0
BRDA:63,7,0,1
BRDA:70,8,0,0
BRDA:75,9,0,1
BRDA:95,10,0,0
BRDA:100,11,0,2
BRDA:117,12,0,1
BRDA:125,13,0,0
BRDA:130,14,0,2
BRDA:137,15,0,1
BRDA:144,16,0,0
BRF:17
BRH:10
end_of_record
TN:
SF:src/controllers/User.ts
FN:14,UserController
FN:16,UserController.index
FN:20,UserController.store
FNF:3
FNH:3
FNDA:4,UserController
FNDA:2,UserController.index
FNDA:2,UserController.store
DA:1,1
DA:2,1
DA:3,1
DA:4,1
DA:5,1
DA:6,1
DA:7,1
DA:8,1
DA:9,1
DA:10,1
DA:11,1
DA:12,1
DA:13,1
DA:14,1
DA:15,1
DA:16,1
DA:17,2
DA:18,1
DA:19,1
DA:20,1
DA:21,2
DA:22,2
DA:23,2
DA:24,2
DA:25,2
DA:26,1
DA:27,1
DA:28,1
DA:29,1
DA:30,1
DA:31,1
DA:32,1
DA:33,1
DA:34,1
DA:35,1
DA:36,1
DA:37,1
DA:38,1
DA:39,1
DA:40,2
DA:41,0
DA:42,0
DA:43,1
DA:44,1
LF:44
LH:42
BRDA:14,0,0,4
BRDA:16,1,0,2
BRDA:20,2,0,2
BRDA:25,3,0,1
BRDA:40,4,0,0
BRF:5
BRH:4
end_of_record
TN:
SF:src/database/connections/Database.ts
FN:6,getInstance
FN:15,openConnection
FNF:2
FNH:2
FNDA:2,getInstance
FNDA:2,openConnection
DA:1,1
DA:2,1
DA:3,1
DA:4,1
DA:5,1
DA:6,1
DA:7,2
DA:8,2
DA:9,2
DA:10,2
DA:11,2
DA:12,2
DA:13,2
DA:14,1
DA:15,1
DA:16,2
DA:17,2
DA:18,2
DA:19,0
DA:20,0
DA:21,2
DA:22,1
LF:22
LH:20
BRDA:6,0,0,2
BRDA:15,1,0,2
BRDA:18,2,0,0
BRF:3
BRH:2
end_of_record
TN:
SF:src/database/connections/Redis.ts
FN:7,Redis
FN:9,getInstance
FN:18,openConnection
FNF:3
FNH:3
FNDA:2,Redis
FNDA:4,getInstance
FNDA:2,openConnection
DA:1,1
DA:2,1
DA:3,1
DA:4,1
DA:5,1
DA:6,1
DA:7,1
DA:8,1
DA:9,1
DA:10,4
DA:11,2
DA:12,2
DA:13,2
DA:14,4
DA:15,4
DA:16,4
DA:17,1
DA:18,1
DA:19,2
DA:20,2
DA:21,2
DA:22,0
DA:23,0
DA:24,2
DA:25,1
LF:25
LH:23
BRDA:7,0,0,2
BRDA:9,1,0,4
BRDA:10,2,0,2
BRDA:18,3,0,2
BRDA:21,4,0,0
BRF:5
BRH:4
end_of_record
TN:
SF:src/database/entities/Message.ts
FN:29,MessageEntity
FN:25,Object.<anonymous>.__decorate.name
FNF:2
FNH:2
FNDA:2,MessageEntity
FNDA:2,Object.<anonymous>.__decorate.name
DA:1,1
DA:2,1
DA:3,1
DA:4,1
DA:5,1
DA:6,1
DA:7,1
DA:8,1
DA:9,1
DA:10,1
DA:11,1
DA:12,1
DA:13,1
DA:14,1
DA:15,1
DA:16,1
DA:17,1
DA:18,1
DA:19,1
DA:20,1
DA:21,1
DA:22,1
DA:23,1
DA:24,1
DA:25,1
DA:26,1
DA:27,1
DA:28,1
DA:29,1
DA:30,2
DA:31,2
DA:32,2
DA:33,2
DA:34,2
DA:35,2
DA:36,2
DA:37,2
DA:38,2
DA:39,2
DA:40,2
DA:41,1
LF:41
LH:41
BRDA:29,0,0,2
BRDA:25,1,0,2
BRDA:25,2,0,2
BRF:3
BRH:3
end_of_record
TN:
SF:src/database/entities/User.ts
FN:33,UserEntity
FN:29,hashPassword
FNF:2
FNH:1
FNDA:2,UserEntity
FNDA:0,hashPassword
DA:1,1
DA:2,1
DA:3,1
DA:4,1
DA:5,1
DA:6,1
DA:7,1
DA:8,1
DA:9,1
DA:10,1
DA:11,1
DA:12,1
DA:13,1
DA:14,1
DA:15,1
DA:16,1
DA:17,1
DA:18,1
DA:19,1
DA:20,1
DA:21,1
DA:22,1
DA:23,1
DA:24,1
DA:25,1
DA:26,1
DA:27,1
DA:28,1
DA:29,1
DA:30,0
DA:31,0
DA:32,1
DA:33,1
DA:34,2
DA:35,2
DA:36,2
DA:37,2
DA:38,2
DA:39,1
LF:39
LH:37
BRDA:33,0,0,2
BRDA:24,1,0,2
BRDA:24,2,0,2
BRF:3
BRH:3
end_of_record
TN:
SF:src/database/migrations/1650420228428-CreateTableUser.ts
FN:4,up
FN:32,down
FNF:2
FNH:0
FNDA:0,up
FNDA:0,down
DA:1,1
DA:2,1
DA:3,1
DA:4,1
DA:5,0
DA:6,0
DA:7,0
DA:8,0
DA:9,0
DA:10,0
DA:11,0
DA:12,0
DA:13,0
DA:14,0
DA:15,0
DA:16,0
DA:17,0
DA:18,0
DA:19,0
DA:20,0
DA:21,0
DA:22,0
DA:23,0
DA:24,0
DA:25,0
DA:26,0
DA:27,0
DA:28,0
DA:29,0
DA:30,0
DA:31,1
DA:32,1
DA:33,0
DA:34,0
DA:35,1
LF:35
LH:7
BRF:0
BRH:0
end_of_record
TN:
SF:src/database/migrations/1650420369941-CreateTableMessage.ts
FN:9,up
FN:48,down
FNF:2
FNH:0
FNDA:0,up
FNDA:0,down
DA:1,1
DA:2,1
DA:3,1
DA:4,1
DA:5,1
DA:6,1
DA:7,1
DA:8,1
DA:9,1
DA:10,0
DA:11,0
DA:12,0
DA:13,0
DA:14,0
DA:15,0
DA:16,0
DA:17,0
DA:18,0
DA:19,0
DA:20,0
DA:21,0
DA:22,0
DA:23,0
DA:24,0
DA:25,0
DA:26,0
DA:27,0
DA:28,0
DA:29,0
DA:30,0
DA:31,0
DA:32,0
DA:33,0
DA:34,0
DA:35,0
DA:36,0
DA:37,0
DA:38,0
DA:39,0
DA:40,0
DA:41,0
DA:42,0
DA:43,0
DA:44,0
DA:45,0
DA:46,0
DA:47,1
DA:48,1
DA:49,0
DA:50,0
DA:51,1
LF:51
LH:12
BRF:0
BRH:0
end_of_record
TN:
SF:src/database/repositories/Cache.ts
FN:8,CacheRepository
FN:12,save
FN:16,saveExpiration
FN:20,find
FN:26,delete
FNF:5
FNH:1
FNDA:2,CacheRepository
FNDA:0,save
FNDA:0,saveExpiration
FNDA:0,find
FNDA:0,delete
DA:1,1
DA:2,1
DA:3,1
DA:4,1
DA:5,1
DA:6,1
DA:7,1
DA:8,1
DA:9,2
DA:10,2
DA:11,1
DA:12,1
DA:13,0
DA:14,0
DA:15,1
DA:16,1
DA:17,0
DA:18,0
DA:19,1
DA:20,1
DA:21,0
DA:22,0
DA:23,0
DA:24,0
DA:25,1
DA:26,1
DA:27,0
DA:28,0
DA:29,0
DA:30,0
DA:31,1
LF:31
LH:19
BRDA:8,0,0,2
BRF:1
BRH:1
end_of_record
TN:
SF:src/database/repositories/Message.ts
FN:5,MessageRepositorie
FNF:1
FNH:0
FNDA:0,MessageRepositorie
DA:1,1
DA:2,1
DA:3,1
DA:4,1
DA:5,0
DA:6,0
DA:7,0
DA:8,0
DA:9,0
DA:10,0
DA:11,0
DA:12,0
DA:13,0
DA:14,0
DA:15,0
DA:16,0
DA:17,0
DA:18,0
DA:19,0
DA:20,0
DA:21,0
DA:22,0
DA:23,0
DA:24,0
DA:25,0
DA:26,0
DA:27,0
DA:28,0
DA:29,0
DA:30,0
DA:31,0
DA:32,0
DA:33,0
DA:34,0
DA:35,0
DA:36,0
DA:37,0
DA:38,0
DA:39,0
DA:40,0
DA:41,0
DA:42,0
DA:43,0
DA:44,0
DA:45,0
DA:46,0
DA:47,0
DA:48,0
DA:49,0
LF:49
LH:4
BRF:0
BRH:0
end_of_record
TN:
SF:src/database/repositories/User.ts
FN:5,findOne
FN:11,create
FNF:2
FNH:0
FNDA:0,findOne
FNDA:0,create
DA:1,1
DA:2,1
DA:3,1
DA:4,1
DA:5,1
DA:6,0
DA:7,0
DA:8,0
DA:9,0
DA:10,1
DA:11,1
DA:12,0
DA:13,0
DA:14,0
DA:15,0
DA:16,0
DA:17,0
DA:18,0
DA:19,0
DA:20,0
DA:21,1
LF:21
LH:8
BRF:0
BRH:0
end_of_record
TN:
SF:src/errors/HttpErrors.ts
FN:2,HttpError
FNF:1
FNH:1
FNDA:3,HttpError
DA:1,1
DA:2,1
DA:3,3
DA:4,3
DA:5,1
LF:5
LH:5
BRDA:2,0,0,3
BRF:1
BRH:1
end_of_record
TN:
SF:src/middlewares/authentication.ts
FN:6,authMiddleware
FNF:1
FNH:1
FNDA:11,authMiddleware
DA:1,1
DA:2,1
DA:3,1
DA:4,1
DA:5,1
DA:6,1
DA:7,11
DA:8,11
DA:9,11
DA:10,11
DA:11,11
DA:12,11
DA:13,11
DA:14,3
DA:15,3
DA:16,3
DA:17,3
DA:18,8
DA:19,8
DA:20,8
DA:21,8
DA:22,8
DA:23,8
DA:24,8
DA:25,8
DA:26,8
DA:27,8
DA:28,8
DA:29,11
DA:30,3
DA:31,3
DA:32,11
LF:32
LH:32
BRDA:6,0,0,11
BRDA:13,1,0,3
BRDA:18,2,0,8
BRDA:29,3,0,3
BRF:4
BRH:4
end_of_record
TN:
SF:src/middlewares/index.ts
FNF:0
FNH:0
DA:1,1
DA:2,1
DA:3,1
LF:3
LH:3
BRF:0
BRH:0
end_of_record
TN:
SF:src/middlewares/message.ts
FN:4,messageMiddleware
FNF:1
FNH:1
FNDA:5,messageMiddleware
DA:1,1
DA:2,1
DA:3,1
DA:4,1
DA:5,5
DA:6,5
DA:7,5
DA:8,5
DA:9,5
DA:10,5
DA:11,5
DA:12,2
DA:13,2
DA:14,2
DA:15,2
DA:16,3
DA:17,3
DA:18,3
LF:18
LH:18
BRDA:4,0,0,5
BRDA:11,1,0,4
BRDA:11,2,0,2
BRDA:16,3,0,3
BRF:4
BRH:4
end_of_record
TN:
SF:src/middlewares/user.ts
FN:5,userMiddleware
FNF:1
FNH:1
FNDA:5,userMiddleware
DA:1,1
DA:2,1
DA:3,1
DA:4,1
DA:5,1
DA:6,5
DA:7,5
DA:8,5
DA:9,5
DA:10,5
DA:11,5
DA:12,5
DA:13,5
DA:14,2
DA:15,2
DA:16,2
DA:17,5
DA:18,1
DA:19,1
DA:20,1
DA:21,1
DA:22,2
DA:23,2
LF:23
LH:23
BRDA:5,0,0,5
BRDA:13,1,0,4
BRDA:13,2,0,2
BRDA:17,3,0,3
BRDA:17,4,0,1
BRDA:22,5,0,2
BRF:6
BRH:6
end_of_record
TN:
SF:src/routes/authentication.ts
FN:8,init
FNF:1
FNH:1
FNDA:2,init
DA:1,1
DA:2,1
DA:3,1
DA:4,1
DA:5,1
DA:6,1
DA:7,1
DA:8,1
DA:9,2
DA:10,2
DA:11,2
DA:12,2
DA:13,2
DA:14,2
DA:15,2
DA:16,2
DA:17,2
DA:18,1
LF:18
LH:18
BRDA:8,0,0,2
BRF:1
BRH:1
end_of_record
TN:
SF:src/routes/message.ts
FN:9,init
FNF:1
FNH:1
FNDA:2,init
DA:1,1
DA:2,1
DA:3,1
DA:4,1
DA:5,1
DA:6,1
DA:7,1
DA:8,1
DA:9,1
DA:10,2
DA:11,2
DA:12,2
DA:13,2
DA:14,2
DA:15,2
DA:16,2
DA:17,2
DA:18,2
DA:19,2
DA:20,2
DA:21,2
DA:22,2
DA:23,2
DA:24,2
DA:25,2
DA:26,2
DA:27,2
DA:28,1
LF:28
LH:28
BRDA:9,0,0,2
BRF:1
BRH:1
end_of_record
TN:
SF:src/routes/root.ts
FN:5,init
FNF:1
FNH:1
FNDA:2,init
DA:1,1
DA:2,1
DA:3,1
DA:4,1
DA:5,1
DA:6,2
DA:7,2
DA:8,2
DA:9,2
DA:10,2
DA:11,2
DA:12,1
LF:12
LH:12
BRDA:5,0,0,2
BRF:1
BRH:1
end_of_record
TN:
SF:src/routes/user.ts
FN:8,init
FNF:1
FNH:1
FNDA:2,init
DA:1,1
DA:2,1
DA:3,1
DA:4,1
DA:5,1
DA:6,1
DA:7,1
DA:8,1
DA:9,2
DA:10,2
DA:11,2
DA:12,2
DA:13,2
DA:14,2
DA:15,2
DA:16,2
DA:17,2
DA:18,1
LF:18
LH:18
BRDA:8,0,0,2
BRF:1
BRH:1
end_of_record
TN:
SF:src/services/Message.ts
FN:6,find
FN:13,findOne
FN:20,create
FN:27,update
FN:36,delete
FNF:5
FNH:0
FNDA:0,find
FNDA:0,findOne
FNDA:0,create
FNDA:0,update
FNDA:0,delete
DA:1,1
DA:2,1
DA:3,1
DA:4,1
DA:5,1
DA:6,1
DA:7,0
DA:8,0
DA:9,0
DA:10,0
DA:11,0
DA:12,1
DA:13,1
DA:14,0
DA:15,0
DA:16,0
DA:17,0
DA:18,0
DA:19,1
DA:20,1
DA:21,0
DA:22,0
DA:23,0
DA:24,0
DA:25,0
DA:26,1
DA:27,1
DA:28,0
DA:29,0
DA:30,0
DA:31,0
DA:32,0
DA:33,0
DA:34,0
DA:35,1
DA:36,1
DA:37,0
DA:38,0
DA:39,0
DA:40,1
LF:40
LH:15
BRF:0
BRH:0
end_of_record
TN:
SF:src/services/User.ts
FN:6,findOne
FN:12,create
FNF:2
FNH:0
FNDA:0,findOne
FNDA:0,create
DA:1,1
DA:2,1
DA:3,1
DA:4,1
DA:5,1
DA:6,1
DA:7,0
DA:8,0
DA:9,0
DA:10,0
DA:11,0
DA:12,1
DA:13,0
DA:14,0
DA:15,0
DA:16,0
DA:17,0
DA:18,0
DA:19,1
LF:19
LH:8
BRF:0
BRH:0
end_of_record
TN:
SF:src/services/index.ts
FNF:0
FNH:0
DA:1,1
DA:2,1
LF:2
LH:2
BRF:0
BRH:0
end_of_record
